2011-11-06 16:26:51,204 [AOC] INFO     - iniciando el agente
2011-11-06 16:26:51,229 [AOC] INFO     - cargando configuraciones
2011-11-06 16:26:51,234 [AOC] INFO     - configuraciones cargadas correctamente
2011-11-06 16:26:51,234 [AOCMR] INFO     - iniciando el modulo
2011-11-06 16:26:53,240 [AOCME] INFO     - iniciando el modulo
2011-11-06 16:26:53,240 [AOC] INFO     - el agente se ha iniciado correctamente
2011-11-06 16:26:53,241 [AOCME] DEBUG    - enviando keep alive a SBC
2011-11-06 16:26:53,241 [AOCMR] DEBUG    - obteniendo CPU
2011-11-06 16:26:53,246 [AOCME] ERROR    - no se pudo conectar al SBC: encode() argument 1 must be string, not int
2011-11-06 16:27:05,245 [AOCMR] DEBUG    - obteniendo MEM
2011-11-06 16:28:46,446 [AOC] INFO     - iniciando el agente
2011-11-06 16:28:46,447 [AOC] INFO     - cargando configuraciones
2011-11-06 16:28:46,447 [AOC] INFO     - configuraciones cargadas correctamente
2011-11-06 16:28:46,448 [AOCMR] INFO     - iniciando el modulo
2011-11-06 16:28:48,453 [AOCME] INFO     - iniciando el modulo
2011-11-06 16:28:48,454 [AOC] INFO     - el agente se ha iniciado correctamente
2011-11-06 16:28:48,454 [AOCME] DEBUG    - enviando keep alive a SBC
2011-11-06 16:28:48,455 [AOCMR] DEBUG    - obteniendo CPU
2011-11-06 16:28:48,456 [AOCME] ERROR    - no se pudo conectar al SBC: unknown encoding: 54321
2011-11-06 16:29:57,394 [AOC] INFO     - iniciando el agente
2011-11-06 16:29:57,395 [AOC] INFO     - cargando configuraciones
2011-11-06 16:29:57,396 [AOC] INFO     - configuraciones cargadas correctamente
2011-11-06 16:29:57,396 [AOCMR] INFO     - iniciando el modulo
2011-11-06 16:29:59,402 [AOCME] INFO     - iniciando el modulo
2011-11-06 16:29:59,402 [AOC] INFO     - el agente se ha iniciado correctamente
2011-11-06 16:29:59,403 [AOCME] DEBUG    - enviando keep alive a SBC
2011-11-06 16:29:59,403 [AOCMR] DEBUG    - obteniendo CPU
2011-11-06 16:29:59,405 [AOCME] DEBUG    - keep alive enviado correctamente
2011-11-06 16:30:11,406 [AOCMR] DEBUG    - obteniendo MEM
2011-11-06 16:30:21,407 [AOCMR] DEBUG    - obteniendo IO
2011-11-06 16:30:31,411 [AOCMR] DEBUG    - obteniendo NET
2011-11-06 16:30:41,413 [AOCMR] DEBUG    - obteniendo HDD
2011-11-06 16:30:41,414 [AOCMR] DEBUG    - LAV: 1320607841.41 10.9,25.0,14.0 4294967296,4219281408,75685888,98.2 842588,680764,16198696448,84103518208 711896199,2350017792,1557639,2093198 /dev/disk0s2,249199591424,185206743040,63730704384,74.3
2011-11-06 16:32:56,755 [AOC] INFO     - iniciando el agente
2011-11-06 16:32:56,755 [AOC] INFO     - cargando configuraciones
2011-11-06 16:32:56,756 [AOC] INFO     - configuraciones cargadas correctamente
2011-11-06 16:32:56,756 [AOCMR] INFO     - iniciando el modulo
2011-11-06 16:32:58,761 [AOCME] INFO     - iniciando el modulo
2011-11-06 16:32:58,761 [AOC] INFO     - el agente se ha iniciado correctamente
2011-11-06 16:32:58,762 [AOCME] DEBUG    - enviando keep alive a SBC
2011-11-06 16:32:58,762 [AOCMR] DEBUG    - obteniendo CPU
2011-11-06 16:32:58,770 [AOCME] DEBUG    - keep alive enviado correctamente
2011-11-06 16:33:10,766 [AOCMR] DEBUG    - obteniendo MEM
2011-11-06 16:33:20,768 [AOCMR] DEBUG    - obteniendo IO
2011-11-06 16:33:30,772 [AOCMR] DEBUG    - obteniendo NET
2011-11-06 16:33:40,773 [AOCMR] DEBUG    - obteniendo HDD
2011-11-06 16:33:40,774 [AOCMR] DEBUG    - LAV: 1320608020.77 10.0,29.0,24.0 4294967296,4214620160,80347136,98.1 842930,681468,16201432576,84287207424 712018088,2351020725,1558453,2094238 /dev/disk0s2,249199591424,185219203072,63718244352,74.3
2011-11-06 16:33:50,774 [AOCMR] DEBUG    - obteniendo CPU
2011-11-06 16:34:02,778 [AOCMR] DEBUG    - obteniendo MEM
2011-11-06 16:34:12,780 [AOCMR] DEBUG    - obteniendo IO
2011-11-06 16:34:22,784 [AOCMR] DEBUG    - obteniendo NET
2011-11-06 16:34:33,873 [AOC] INFO     - iniciando el agente
2011-11-06 16:34:33,874 [AOC] INFO     - cargando configuraciones
2011-11-06 16:34:33,874 [AOC] INFO     - configuraciones cargadas correctamente
2011-11-06 16:34:33,875 [AOCMR] INFO     - iniciando el modulo
2011-11-06 16:34:35,880 [AOCME] INFO     - iniciando el modulo
2011-11-06 16:34:35,880 [AOC] INFO     - el agente se ha iniciado correctamente
2011-11-06 16:34:35,881 [AOCMR] DEBUG    - obteniendo CPU
2011-11-06 16:34:35,881 [AOCME] DEBUG    - enviando keep alive a SBC
2011-11-06 16:34:35,883 [AOCME] DEBUG    - keep alive enviado correctamente
2011-11-06 16:36:19,160 [AOC] INFO     - iniciando el agente
2011-11-06 16:36:19,160 [AOC] INFO     - cargando configuraciones
2011-11-06 16:36:19,161 [AOC] INFO     - configuraciones cargadas correctamente
2011-11-06 16:36:19,161 [AOCMR] INFO     - iniciando el modulo
2011-11-06 16:36:21,167 [AOCME] INFO     - iniciando el modulo
2011-11-06 16:36:21,167 [AOC] INFO     - el agente se ha iniciado correctamente
2011-11-06 16:36:21,167 [AOCME] DEBUG    - enviando keep alive a SBC
2011-11-06 16:36:21,168 [AOCMR] DEBUG    - obteniendo CPU
2011-11-06 16:36:21,171 [AOCME] DEBUG    - keep alive enviado correctamente
2011-11-06 16:36:33,172 [AOCMR] DEBUG    - obteniendo MEM
2011-11-06 16:36:43,174 [AOCMR] DEBUG    - obteniendo IO
2011-11-06 16:36:53,178 [AOCMR] DEBUG    - obteniendo NET
2011-11-06 16:37:03,180 [AOCMR] DEBUG    - obteniendo HDD
2011-11-06 16:37:03,181 [AOCMR] DEBUG    - LAV: 1320608223.18 3.5,3.0,3.9 4294967296,4229541888,65425408,98.5 843786,682494,16219451904,84511826944 712203247,2352299054,1559582,2095581 /dev/disk0s2,249199591424,185216692224,63720755200,74.3
2011-11-06 16:37:13,182 [AOCMR] DEBUG    - obteniendo CPU
2011-11-06 16:37:25,186 [AOCMR] DEBUG    - obteniendo MEM
2011-11-06 16:37:35,187 [AOCMR] DEBUG    - obteniendo IO
2011-11-06 16:37:45,191 [AOCMR] DEBUG    - obteniendo NET
2011-11-06 16:37:55,193 [AOCMR] DEBUG    - obteniendo HDD
2011-11-06 16:37:55,193 [AOCMR] DEBUG    - LAV: 1320608275.19 9.0,8.0,5.0 4294967296,4219371520,75595776,98.2 843805,682692,16219664896,84571776000 712235784,2352569655,1559812,2095890 /dev/disk0s2,249199591424,185216692224,63720755200,74.3
2011-11-06 16:38:05,194 [AOCMR] DEBUG    - obteniendo CPU
2011-11-06 16:38:17,198 [AOCMR] DEBUG    - obteniendo MEM
2011-11-06 16:38:27,200 [AOCMR] DEBUG    - obteniendo IO
2011-11-06 16:38:37,204 [AOCMR] DEBUG    - obteniendo NET
2011-11-06 16:38:47,205 [AOCMR] DEBUG    - obteniendo HDD
2011-11-06 16:38:47,205 [AOCMR] DEBUG    - LAV: 1320608327.21 31.3,6.9,7.9 4294967296,4226383872,68583424,98.4 843808,682800,16219685376,84620938240 712264453,2352853268,1560005,2096151 /dev/disk0s2,249199591424,185216737280,63720710144,74.3
2011-11-06 16:38:57,207 [AOCMR] DEBUG    - obteniendo CPU
2011-11-06 16:39:09,210 [AOCMR] DEBUG    - obteniendo MEM
2011-11-06 16:39:19,212 [AOCMR] DEBUG    - obteniendo IO
2011-11-06 16:39:29,216 [AOCMR] DEBUG    - obteniendo NET
2011-11-06 16:39:39,217 [AOCMR] DEBUG    - obteniendo HDD
2011-11-06 16:39:39,218 [AOCMR] DEBUG    - LAV: 1320608379.22 5.0,4.0,6.0 4294967296,4237021184,57946112,98.7 843876,682968,16220176896,84671900672 712398259,2353271868,1560652,2096877 /dev/disk0s2,249199591424,185216745472,63720701952,74.3
2011-11-06 16:39:49,219 [AOCMR] DEBUG    - obteniendo CPU
2011-11-06 16:40:01,222 [AOCMR] DEBUG    - obteniendo MEM
2011-11-06 16:40:11,223 [AOCMR] DEBUG    - obteniendo IO
2011-11-06 16:40:21,228 [AOCMR] DEBUG    - obteniendo NET
2011-11-06 16:40:31,229 [AOCMR] DEBUG    - obteniendo HDD
2011-11-06 16:40:31,230 [AOCMR] DEBUG    - LAV: 1320608431.23 6.0,14.1,26.7 4294967296,4230062080,64905216,98.5 843927,683137,16220439040,84721826816 712426790,2353555595,1560845,2097141 /dev/disk0s2,249199591424,185216794624,63720652800,74.3
2011-11-06 16:40:41,231 [AOCMR] DEBUG    - obteniendo CPU
2011-11-06 16:40:53,235 [AOCMR] DEBUG    - obteniendo MEM
2011-11-06 16:41:03,236 [AOCMR] DEBUG    - obteniendo IO
2011-11-06 16:41:13,241 [AOCMR] DEBUG    - obteniendo NET
2011-11-06 16:41:23,242 [AOCMR] DEBUG    - obteniendo HDD
2011-11-06 16:41:23,243 [AOCMR] DEBUG    - LAV: 1320608483.24 8.0,26.0,28.7 4294967296,4213448704,81518592,98.1 843980,683236,16220754432,84771329024 712460556,2353859437,1561080,2097444 /dev/disk0s2,249199591424,185216839680,63720607744,74.3
2011-11-06 16:41:33,244 [AOCMR] DEBUG    - obteniendo CPU
2011-11-06 16:41:45,248 [AOCMR] DEBUG    - obteniendo MEM
2011-11-06 16:41:55,615 [AOC] INFO     - iniciando el agente
2011-11-06 16:41:55,615 [AOC] INFO     - cargando configuraciones
2011-11-06 16:41:55,616 [AOC] INFO     - configuraciones cargadas correctamente
2011-11-06 16:41:55,616 [AOCMR] INFO     - iniciando el modulo
2011-11-06 16:41:57,622 [AOCME] INFO     - iniciando el modulo
2011-11-06 16:41:57,622 [AOC] INFO     - el agente se ha iniciado correctamente
2011-11-06 16:41:57,623 [AOCME] DEBUG    - enviando keep alive a SBC: HELLO 54321
2011-11-06 16:41:57,623 [AOCMR] DEBUG    - obteniendo CPU
2011-11-06 16:41:57,625 [AOCME] DEBUG    - keep alive enviado correctamente
2011-11-06 16:42:09,627 [AOCMR] DEBUG    - obteniendo MEM
2011-11-06 16:42:19,629 [AOCMR] DEBUG    - obteniendo IO
2011-11-06 16:42:29,632 [AOCMR] DEBUG    - obteniendo NET
2011-11-06 16:42:39,634 [AOCMR] DEBUG    - obteniendo HDD
2011-11-06 16:42:39,634 [AOCMR] DEBUG    - LAV: 1320608559.63 4.5,3.0,1.0 4294967296,4230332416,64634880,98.5 844359,683602,16223711744,84854154240 712518439,2354281673,1561477,2097926 /dev/disk0s2,249199591424,185216905216,63720542208,74.3
2011-11-06 16:42:49,636 [AOCMR] DEBUG    - obteniendo CPU
2011-11-06 16:43:01,639 [AOCMR] DEBUG    - obteniendo MEM
2011-11-06 16:43:11,640 [AOCMR] DEBUG    - obteniendo IO
2011-11-06 16:43:21,644 [AOCMR] DEBUG    - obteniendo NET
2011-11-06 16:43:31,646 [AOCMR] DEBUG    - obteniendo HDD
2011-11-06 16:43:31,647 [AOCMR] DEBUG    - LAV: 1320608611.65 9.0,21.0,24.0 4294967296,4221501440,73465856,98.3 844376,683703,16223842816,84855581696 712547274,2354577580,1561672,2098210 /dev/disk0s2,249199591424,185216905216,63720542208,74.3
2011-11-06 16:43:39,221 [AOC] INFO     - iniciando el agente
2011-11-06 16:43:39,222 [AOC] INFO     - cargando configuraciones
2011-11-06 16:43:39,222 [AOC] INFO     - configuraciones cargadas correctamente
2011-11-06 16:43:39,222 [AOCMR] INFO     - iniciando el modulo
2011-11-06 16:43:41,228 [AOCME] INFO     - iniciando el modulo
2011-11-06 16:43:41,228 [AOC] INFO     - el agente se ha iniciado correctamente
2011-11-06 16:43:41,228 [AOCME] DEBUG    - enviando keep alive a SBC: HELLO 54321
2011-11-06 16:43:41,229 [AOCMR] DEBUG    - obteniendo CPU
2011-11-06 16:43:41,232 [AOCME] DEBUG    - keep alive enviado correctamente
2011-11-06 16:43:53,232 [AOCMR] DEBUG    - obteniendo MEM
2011-11-06 16:44:03,234 [AOCMR] DEBUG    - obteniendo IO
2011-11-06 16:44:13,238 [AOCMR] DEBUG    - obteniendo NET
2011-11-06 16:44:23,239 [AOCMR] DEBUG    - obteniendo HDD
2011-11-06 16:44:23,240 [AOCMR] DEBUG    - LAV: 1320608663.24 7.5,6.0,10.0 4294967296,4212232192,82735104,98.1 844393,683737,16224059904,84856132608 712574306,2354838600,1561856,2098456 /dev/disk0s2,249199591424,185216909312,63720538112,74.3
2011-11-06 16:44:33,241 [AOCMR] DEBUG    - obteniendo CPU
2011-11-06 16:44:45,245 [AOCMR] DEBUG    - obteniendo MEM
2011-11-06 16:49:44,937 [AOC] INFO     - iniciando el agente
2011-11-06 16:49:44,937 [AOC] INFO     - cargando configuraciones
2011-11-06 16:49:44,938 [AOC] INFO     - configuraciones cargadas correctamente
2011-11-06 16:49:44,938 [AOCMR] INFO     - iniciando el modulo
2011-11-06 16:49:46,944 [AOCME] INFO     - iniciando el modulo
2011-11-06 16:49:46,944 [AOC] INFO     - el agente se ha iniciado correctamente
2011-11-06 16:49:46,945 [AOCME] DEBUG    - enviando keep alive a SBC: HELLO 54321
2011-11-06 16:49:46,945 [AOCMR] DEBUG    - obteniendo CPU
2011-11-06 16:49:46,947 [AOCME] DEBUG    - keep alive enviado correctamente
2011-11-06 16:49:58,949 [AOCMR] DEBUG    - obteniendo MEM
2011-11-06 16:51:10,824 [AOC] INFO     - iniciando el agente
2011-11-06 16:51:10,825 [AOC] INFO     - cargando configuraciones
2011-11-06 16:51:10,825 [AOC] INFO     - configuraciones cargadas correctamente
2011-11-06 16:51:10,826 [AOCMR] INFO     - iniciando el modulo
2011-11-06 16:51:12,831 [AOCME] INFO     - iniciando el modulo
2011-11-06 16:51:12,832 [AOC] INFO     - el agente se ha iniciado correctamente
2011-11-06 16:51:12,832 [AOCME] DEBUG    - enviando keep alive a SBC: HELLO 54321
2011-11-06 16:51:12,832 [AOCMR] DEBUG    - obteniendo CPU
2011-11-06 16:51:12,837 [AOCME] DEBUG    - keep alive enviado correctamente
2011-11-06 16:52:57,720 [AOC] INFO     - iniciando el agente
2011-11-06 16:52:57,720 [AOC] INFO     - cargando configuraciones
2011-11-06 16:52:57,721 [AOC] INFO     - configuraciones cargadas correctamente
2011-11-06 16:52:57,721 [AOCMR] INFO     - iniciando el modulo
2011-11-06 16:52:59,726 [AOCME] INFO     - iniciando el modulo
2011-11-06 16:52:59,727 [AOC] INFO     - el agente se ha iniciado correctamente
2011-11-06 16:52:59,727 [AOCME] DEBUG    - enviando keep alive a SBC: HELLO 54321
2011-11-06 16:52:59,728 [AOCMR] DEBUG    - obteniendo CPU
2011-11-06 16:52:59,734 [AOCME] DEBUG    - keep alive enviado correctamente
2011-11-06 16:53:11,732 [AOCMR] DEBUG    - obteniendo MEM
2011-11-06 16:53:21,733 [AOCMR] DEBUG    - obteniendo IO
2011-11-06 16:53:31,750 [AOCMR] DEBUG    - obteniendo NET
2011-11-06 16:53:41,751 [AOCMR] DEBUG    - obteniendo HDD
2011-11-06 16:53:41,752 [AOCMR] DEBUG    - LAV: 1320609221.75 4.5,10.0,26.0 4294967296,4230934528,64032768,98.5 845154,685386,16230781440,85023451136 712962405,2357940015,1564342,2101630 /dev/disk0s2,249199591424,185216647168,63720800256,74.3
2011-11-06 16:53:51,753 [AOCMR] DEBUG    - obteniendo CPU
2011-11-06 16:54:03,757 [AOCMR] DEBUG    - obteniendo MEM
2011-11-06 16:54:13,759 [AOCMR] DEBUG    - obteniendo IO
2011-11-06 16:54:23,763 [AOCMR] DEBUG    - obteniendo NET
2011-11-06 16:55:06,281 [AOC] INFO     - iniciando el agente
2011-11-06 16:55:06,281 [AOC] INFO     - cargando configuraciones
2011-11-06 16:55:06,282 [AOC] INFO     - configuraciones cargadas correctamente
2011-11-06 16:55:06,282 [AOCMR] INFO     - iniciando el modulo
2011-11-06 16:55:08,287 [AOCME] INFO     - iniciando el modulo
2011-11-06 16:55:08,288 [AOC] INFO     - el agente se ha iniciado correctamente
2011-11-06 16:55:08,288 [AOCME] DEBUG    - enviando keep alive a SBC: HELLO 54321
2011-11-06 16:55:08,289 [AOCMR] DEBUG    - obteniendo CPU
2011-11-06 16:55:08,293 [AOCME] DEBUG    - keep alive enviado correctamente
2011-11-06 16:55:20,292 [AOCMR] DEBUG    - obteniendo MEM
2011-11-06 16:55:30,294 [AOCMR] DEBUG    - obteniendo IO
2011-11-06 16:55:40,298 [AOCMR] DEBUG    - obteniendo NET
2011-11-06 16:55:50,300 [AOCMR] DEBUG    - obteniendo HDD
2011-11-06 16:55:50,300 [AOCMR] DEBUG    - LAV: 1320609350.3 6.5,4.0,4.0 4294967296,4245164032,49803264,98.8 845619,686120,16234803712,85160009728 713168547,2358747184,1565341,2102779 /dev/disk0s2,249199591424,185216651264,63720796160,74.3
2011-11-06 16:56:00,057 [AOC] INFO     - iniciando el agente
2011-11-06 16:56:00,057 [AOC] INFO     - cargando configuraciones
2011-11-06 16:56:00,058 [AOC] INFO     - configuraciones cargadas correctamente
2011-11-06 16:56:00,058 [AOCMR] INFO     - iniciando el modulo
2011-11-06 16:56:02,064 [AOCME] INFO     - iniciando el modulo
2011-11-06 16:56:02,064 [AOC] INFO     - el agente se ha iniciado correctamente
2011-11-06 16:56:02,065 [AOCME] DEBUG    - enviando keep alive a SBC: HELLO 54321
2011-11-06 16:56:02,065 [AOCMR] DEBUG    - obteniendo CPU
2011-11-06 16:56:02,070 [AOCME] DEBUG    - keep alive enviado correctamente
2011-11-06 16:56:14,067 [AOCMR] DEBUG    - obteniendo MEM
2011-11-06 16:56:24,068 [AOCMR] DEBUG    - obteniendo IO
2011-11-06 16:56:34,072 [AOCMR] DEBUG    - obteniendo NET
2011-11-06 16:56:44,074 [AOCMR] DEBUG    - obteniendo HDD
2011-11-06 16:56:44,074 [AOCMR] DEBUG    - LAV: 1320609404.07 3.5,9.0,29.7 4294967296,4230189056,64778240,98.5 845670,686226,16235102720,85209473024 713197870,2359038797,1565544,2103054 /dev/disk0s2,249199591424,185216667648,63720779776,74.3
2011-11-06 16:56:54,076 [AOCMR] DEBUG    - obteniendo CPU
2011-11-06 16:57:06,080 [AOCMR] DEBUG    - obteniendo MEM
2011-11-06 16:57:16,081 [AOCMR] DEBUG    - obteniendo IO
2011-11-06 16:57:26,085 [AOCMR] DEBUG    - obteniendo NET
2011-11-06 16:57:36,087 [AOCMR] DEBUG    - obteniendo HDD
2011-11-06 16:57:36,087 [AOCMR] DEBUG    - LAV: 1320609456.09 7.5,9.9,5.0 4294967296,4236427264,58540032,98.6 845804,686397,16236139008,85259522048 713240832,2359314511,1565808,2103382 /dev/disk0s2,249199591424,185216536576,63720910848,74.3
2011-11-06 16:57:46,089 [AOCMR] DEBUG    - obteniendo CPU
2011-11-06 16:57:58,093 [AOCMR] DEBUG    - obteniendo MEM
2011-11-06 16:58:08,093 [AOCMR] DEBUG    - obteniendo IO
2011-11-06 16:58:18,097 [AOCMR] DEBUG    - obteniendo NET
2011-11-06 16:58:28,099 [AOCMR] DEBUG    - obteniendo HDD
2011-11-06 16:58:28,099 [AOCMR] DEBUG    - LAV: 1320609508.1 16.5,5.0,2.0 4294967296,4239060992,55906304,98.7 845813,686466,16236200448,85269909504 713269426,2359599053,1565999,2103644 /dev/disk0s2,249199591424,185214664704,63722782720,74.3
2011-11-06 16:58:38,101 [AOCMR] DEBUG    - obteniendo CPU
2011-11-06 16:58:44,295 [AOC] INFO     - iniciando el agente
2011-11-06 16:58:44,295 [AOC] INFO     - cargando configuraciones
2011-11-06 16:58:44,296 [AOC] INFO     - configuraciones cargadas correctamente
2011-11-06 16:58:44,296 [AOCMR] INFO     - iniciando el modulo
2011-11-06 16:58:46,302 [AOCME] INFO     - iniciando el modulo
2011-11-06 16:58:46,302 [AOC] INFO     - el agente se ha iniciado correctamente
2011-11-06 16:58:46,303 [AOCME] DEBUG    - enviando keep alive a SBC: HELLO 54321
2011-11-06 16:58:46,303 [AOCMR] DEBUG    - obteniendo CPU
2011-11-06 16:58:46,308 [AOCME] DEBUG    - keep alive enviado correctamente
2011-11-06 16:58:58,307 [AOCMR] DEBUG    - obteniendo MEM
2011-11-06 16:59:03,340 [AOCME] DEBUG    - conectado desde 192.168.0.2:49593
2011-11-06 16:59:03,340 [AOCME] DEBUG    - SBC 192.168.0.2:49593 envia peticion de carga
2011-11-06 16:59:03,340 [AOCME] DEBUG    - desconectado desde 192.168.0.2:49593
2011-11-06 16:59:08,308 [AOCMR] DEBUG    - obteniendo IO
2011-11-06 16:59:18,312 [AOCMR] DEBUG    - obteniendo NET
2011-11-06 16:59:28,312 [AOCMR] DEBUG    - obteniendo HDD
2011-11-06 16:59:28,313 [AOCMR] DEBUG    - LAV: 1320609568.31 17.0,4.0,4.0 4294967296,4242132992,52834304,98.8 845833,686514,16239206912,85272264704 713301734,2359909126,1566221,2103939 /dev/disk0s2,249199591424,185214664704,63722782720,74.3
2011-11-06 16:59:38,314 [AOCMR] DEBUG    - obteniendo CPU
2011-11-06 16:59:50,317 [AOCMR] DEBUG    - obteniendo MEM
2011-11-06 17:00:00,319 [AOCMR] DEBUG    - obteniendo IO
2011-11-06 17:00:03,404 [AOCME] DEBUG    - conectado desde 192.168.0.2:49595
2011-11-06 17:00:03,404 [AOCME] DEBUG    - SBC 192.168.0.2:49595 envia peticion de carga
2011-11-06 17:00:03,405 [AOCME] DEBUG    - desconectado desde 192.168.0.2:49595
2011-11-06 17:00:10,323 [AOCMR] DEBUG    - obteniendo NET
2011-11-06 17:00:20,324 [AOCMR] DEBUG    - obteniendo HDD
2011-11-06 17:00:20,325 [AOCMR] DEBUG    - LAV: 1320609620.33 12.1,10.0,3.0 4294967296,4229619712,65347584,98.5 845840,686561,16239264256,85272735744 713329433,2360168910,1566411,2104193 /dev/disk0s2,249199591424,185214742528,63722704896,74.3
2011-11-06 17:00:30,326 [AOCMR] DEBUG    - obteniendo CPU
